#
# There is insufficient memory for the Java Runtime Environment to continue.
# Native memory allocation (mmap) failed to map 268435456 bytes for Failed to commit area from 0x0000000700800000 to 0x0000000710800000 of length 268435456.
# Possible reasons:
#   The system is out of physical RAM or swap space
#   The process is running with CompressedOops enabled, and the Java Heap may be blocking the growth of the native heap
# Possible solutions:
#   Reduce memory load on the system
#   Increase physical memory or swap space
#   Check if swap backing store is full
#   Decrease Java heap size (-Xmx/-Xms)
#   Decrease number of Java threads
#   Decrease Java thread stack sizes (-Xss)
#   Set larger code cache with -XX:ReservedCodeCacheSize=
# This output file may be truncated or incomplete.
#
#  Out of Memory Error (./src/hotspot/os/windows/os_windows.cpp:3301), pid=8260, tid=21272
#
# JRE version:  (11.0.10+8) (build )
# Java VM: OpenJDK 64-Bit Server VM (11.0.10+8-b1145.96, mixed mode, sharing, tiered, compressed oops, g1 gc, windows-amd64)
# No core dump will be written. Minidumps are not enabled by default on client versions of Windows
#

---------------  S U M M A R Y ------------

Command Line: org.jetbrains.git4idea.http.GitAskPassApp Password for 'https://Blayne_Mono@bitbucket.org':

Host: Intel(R) Core(TM) i7-2600K CPU @ 3.40GHz, 8 cores, 15G,  Windows 10 , 64 bit Build 19041 (10.0.19041.2251)
Time: Tue Nov 15 18:54:39 2022 FLE Standard Time elapsed time: 0.048475 seconds (0d 0h 0m 0s)

---------------  T H R E A D  ---------------

Current thread (0x0000017e8b99f800):  JavaThread "Unknown thread" [_thread_in_vm, id=21272, stack(0x0000000184200000,0x0000000184300000)]

Stack: [0x0000000184200000,0x0000000184300000]
Native frames: (J=compiled Java code, j=interpreted, Vv=VM code, C=native code)
V  [jvm.dll+0x5ece6a]
V  [jvm.dll+0x722cd5]
V  [jvm.dll+0x72422d]
V  [jvm.dll+0x7248e3]
V  [jvm.dll+0x2428d8]
V  [jvm.dll+0x5ea244]
V  [jvm.dll+0x5df2e5]
V  [jvm.dll+0x2fdddb]
V  [jvm.dll+0x2fdd4a]
V  [jvm.dll+0x2fdc22]
V  [jvm.dll+0x302b06]
V  [jvm.dll+0x34b033]
V  [jvm.dll+0x34b736]
V  [jvm.dll+0x34b133]
V  [jvm.dll+0x2d87d8]
V  [jvm.dll+0x2d9987]
V  [jvm.dll+0x701817]
V  [jvm.dll+0x70300c]
V  [jvm.dll+0x3585a9]
V  [jvm.dll+0x6e516e]
V  [jvm.dll+0x3c09e3]
V  [jvm.dll+0x3c2c71]
C  [jli.dll+0x5373]
C  [ucrtbase.dll+0x21bb2]
C  [KERNEL32.DLL+0x174b4]
C  [ntdll.dll+0x526a1]


---------------  P R O C E S S  ---------------

Threads class SMR info:
_java_thread_list=0x0000017e897525a0, length=0, elements={
}

Java Threads: ( => current thread )

Other Threads:
  0x0000017e8b9b5800 GCTaskThread "GC Thread#0" [stack: 0x0000000184300000,0x0000000184400000] [id=16824]
  0x0000017e8ba15800 ConcurrentGCThread "G1 Main Marker" [stack: 0x0000000184400000,0x0000000184500000] [id=20000]
  0x0000017e8ba17000 ConcurrentGCThread "G1 Conc#0" [stack: 0x0000000184500000,0x0000000184600000] [id=10052]

[error occurred during error reporting (printing all threads), id 0xc0000005, EXCEPTION_ACCESS_VIOLATION (0xc0000005) at pc=0x00007ffdbc658db7]

VM state:not at safepoint (not fully initialized)

VM Mutex/Monitor currently owned by a thread:  ([mutex/lock_event])
[0x0000017e8b99e6c0] Heap_lock - owner thread: 0x0000017e8b99f800

Heap address: 0x0000000700800000, size: 4088 MB, Compressed Oops mode: Non-zero based: 0x0000000700800000
Narrow klass base: 0x0000000000000000, Narrow klass shift: 0

GC Heap History (0 events):
No events

Deoptimization events (0 events):
No events

Classes redefined (0 events):
No events

Internal exceptions (0 events):
No events

Events (1 events):
Event: 0.006 Loaded shared library E:\WebStorm\WebStorm 2020.3.3\jbr\bin\zip.dll


Dynamic libraries:
0x00007ff739370000 - 0x00007ff73937a000 	E:\WebStorm\WebStorm 2020.3.3\jbr\bin\java.exe
0x00007ffe1e4b0000 - 0x00007ffe1e6a8000 	C:\WINDOWS\SYSTEM32\ntdll.dll
0x00007ffe1d930000 - 0x00007ffe1d9ef000 	C:\WINDOWS\System32\KERNEL32.DLL
0x00007ffe1bed0000 - 0x00007ffe1c1a2000 	C:\WINDOWS\System32\KERNELBASE.dll
0x00007ffe1c400000 - 0x00007ffe1c500000 	C:\WINDOWS\System32\ucrtbase.dll
0x00007ffdf0740000 - 0x00007ffdf0759000 	E:\WebStorm\WebStorm 2020.3.3\jbr\bin\jli.dll
0x00007ffe12bc0000 - 0x00007ffe12bd7000 	E:\WebStorm\WebStorm 2020.3.3\jbr\bin\VCRUNTIME140.dll
0x00007ffe1da20000 - 0x00007ffe1dbbd000 	C:\WINDOWS\System32\USER32.dll
0x00007ffe1c1b0000 - 0x00007ffe1c1d2000 	C:\WINDOWS\System32\win32u.dll
0x00007ffe0de20000 - 0x00007ffe0e0ba000 	C:\WINDOWS\WinSxS\amd64_microsoft.windows.common-controls_6595b64144ccf1df_6.0.19041.1110_none_60b5254171f9507e\COMCTL32.dll
0x00007ffe1d9f0000 - 0x00007ffe1da1b000 	C:\WINDOWS\System32\GDI32.dll
0x00007ffe1d250000 - 0x00007ffe1d2ee000 	C:\WINDOWS\System32\msvcrt.dll
0x00007ffe1c1e0000 - 0x00007ffe1c2ef000 	C:\WINDOWS\System32\gdi32full.dll
0x00007ffe1c360000 - 0x00007ffe1c3fd000 	C:\WINDOWS\System32\msvcp_win.dll
0x00007ffe1c500000 - 0x00007ffe1c532000 	C:\WINDOWS\System32\IMM32.DLL
0x00007ffde96d0000 - 0x00007ffde976d000 	E:\WebStorm\WebStorm 2020.3.3\jbr\bin\msvcp140.dll
0x00007ffdbc370000 - 0x00007ffdbce40000 	E:\WebStorm\WebStorm 2020.3.3\jbr\bin\server\jvm.dll
0x00007ffe1d3b0000 - 0x00007ffe1d45e000 	C:\WINDOWS\System32\ADVAPI32.dll
0x00007ffe1dbc0000 - 0x00007ffe1dc5c000 	C:\WINDOWS\System32\sechost.dll
0x00007ffe1c540000 - 0x00007ffe1c665000 	C:\WINDOWS\System32\RPCRT4.dll
0x00007ffe1cc20000 - 0x00007ffe1cc28000 	C:\WINDOWS\System32\PSAPI.DLL
0x00007ffe10c70000 - 0x00007ffe10c79000 	C:\WINDOWS\SYSTEM32\WSOCK32.dll
0x00007ffe0f790000 - 0x00007ffe0f7b7000 	C:\WINDOWS\SYSTEM32\WINMM.dll
0x00007ffe1c9e0000 - 0x00007ffe1ca4b000 	C:\WINDOWS\System32\WS2_32.dll
0x00007ffe163a0000 - 0x00007ffe163aa000 	C:\WINDOWS\SYSTEM32\VERSION.dll
0x00007ffe19a90000 - 0x00007ffe19aa2000 	C:\WINDOWS\SYSTEM32\kernel.appcore.dll
0x00007ffdf16a0000 - 0x00007ffdf16b1000 	E:\WebStorm\WebStorm 2020.3.3\jbr\bin\verify.dll
0x00007ffe0ee50000 - 0x00007ffe0f034000 	C:\WINDOWS\SYSTEM32\DBGHELP.DLL
0x00007ffe042e0000 - 0x00007ffe0430c000 	C:\WINDOWS\SYSTEM32\dbgcore.DLL
0x00007ffe1bbb0000 - 0x00007ffe1bc32000 	C:\WINDOWS\System32\bcryptPrimitives.dll
0x00007ffdeded0000 - 0x00007ffdedef9000 	E:\WebStorm\WebStorm 2020.3.3\jbr\bin\java.dll
0x00007ffe073b0000 - 0x00007ffe073bb000 	E:\WebStorm\WebStorm 2020.3.3\jbr\bin\jimage.dll
0x00007ffdef1c0000 - 0x00007ffdef1d8000 	E:\WebStorm\WebStorm 2020.3.3\jbr\bin\zip.dll

dbghelp: loaded successfully - version: 4.0.5 - missing functions: none
symbol engine: initialized successfully - sym options: 0x614 - pdb path: .;E:\WebStorm\WebStorm 2020.3.3\jbr\bin;C:\WINDOWS\SYSTEM32;C:\WINDOWS\WinSxS\amd64_microsoft.windows.common-controls_6595b64144ccf1df_6.0.19041.1110_none_60b5254171f9507e;E:\WebStorm\WebStorm 2020.3.3\jbr\bin\server

VM Arguments:
java_command: org.jetbrains.git4idea.http.GitAskPassApp Password for 'https://Blayne_Mono@bitbucket.org':
java_class_path (initial): E:/WebStorm/WebStorm 2020.3.3/plugins/git4idea/lib/git4idea-rt.jar;E:/WebStorm/WebStorm 2020.3.3/lib/xmlrpc-2.0.1.jar;E:/WebStorm/WebStorm 2020.3.3/lib/commons-codec-1.14.jar
Launcher Type: SUN_STANDARD

[Global flags]
     intx CICompilerCount                          = 4                                         {product} {ergonomic}
     uint ConcGCThreads                            = 2                                         {product} {ergonomic}
     uint G1ConcRefinementThreads                  = 8                                         {product} {ergonomic}
   size_t G1HeapRegionSize                         = 1048576                                   {product} {ergonomic}
    uintx GCDrainStackTargetSize                   = 64                                        {product} {ergonomic}
   size_t InitialHeapSize                          = 268435456                                 {product} {ergonomic}
   size_t MarkStackSize                            = 4194304                                   {product} {ergonomic}
   size_t MaxHeapSize                              = 4286578688                                {product} {ergonomic}
   size_t MinHeapDeltaBytes                        = 1048576                                   {product} {ergonomic}
    uintx NonNMethodCodeHeapSize                   = 5836300                                {pd product} {ergonomic}
    uintx NonProfiledCodeHeapSize                  = 122910970                              {pd product} {ergonomic}
    uintx ProfiledCodeHeapSize                     = 122910970                              {pd product} {ergonomic}
    uintx ReservedCodeCacheSize                    = 251658240                              {pd product} {ergonomic}
     bool SegmentedCodeCache                       = true                                      {product} {ergonomic}
     bool UseCompressedClassPointers               = true                                 {lp64_product} {ergonomic}
     bool UseCompressedOops                        = true                                 {lp64_product} {ergonomic}
     bool UseG1GC                                  = true                                      {product} {ergonomic}
     bool UseLargePagesIndividualAllocation        = false                                  {pd product} {ergonomic}

Logging:
Log output configuration:
 #0: stdout all=warning uptime,level,tags
 #1: stderr all=off uptime,level,tags

Environment Variables:
JAVA_HOME=C:\Program Files\Java\jdk-11.0.10
PATH=E:\Git\mingw64\libexec\git-core;E:\Git\mingw64\libexec\git-core;E:\Git\mingw64\bin;E:\Git\usr\bin;C:\Users\aldor\bin;C:\Python310\Scripts;C:\Python310;C:\Python39\Scripts;C:\Python39;C:\Python38\Scripts;C:\Python38;C:\Program Files (x86)\iis express\PHP\v7.1;C:\Python27;C:\Python27\Scripts;C:\Program Files (x86)\Python38-32\Scripts;C:\Program Files (x86)\Python38-32;E:\PyCharm_2017.3.1\Anaconda;E:\PyCharm_2017.3.1\Anaconda\Library\mingw-w64\bin;E:\PyCharm_2017.3.1\Anaconda\Library\usr\bin;E:\PyCharm_2017.3.1\Anaconda\Library\bin;E:\PyCharm_2017.3.1\Anaconda\Scripts;C:\Program Files (x86)\Python36-32\Scripts;C:\Program Files (x86)\Python36-32;E:\PyCharm 2017.3.1\Python;C:\Windows\system32;C:\Windows;C:\Windows\System32\Wbem;C:\Windows\System32\WindowsPowerShell\v1.0;C:\WINDOWS\system32;C:\WINDOWS;C:\WINDOWS\System32\Wbem;C:\WINDOWS\System32\WindowsPowerShell\v1.0;C:\WINDOWS\System32\OpenSSH;C:\Program Files\dotnet;C:\Program Files\Microsoft SQL Server\130\Tools\Binn;C:\Program Files (x86)\NVIDIA Corporat;C:\ProgramData\chocolatey\bin;E:\Android\flutter\bin;C:\Program Files\NVIDIA Corporation\NVIDIA NvDLISR;C:\Users\aldor\AppData\Local\Android\Sdk\platform-tools;C:\WINDOWS\system32;C:\WINDOWS;C:\WINDOWS\System32\Wbem;C:\WINDOWS\System32\WindowsPowerShell\v1.0;C:\WINDOWS\System32\OpenSSH;C:\Program Files\Java\jdk-11.0.10\bin;E:\JAVA_SOFT\apache-maven-3.8.1\bin;E:\Git\usr\bin;E:\PostgreSQL\bin;E:\WebStorm\NodeJS;C:\Users\aldor\AppData\Local\Microsoft\WindowsApps;E:\PyCharm\PyCharm 2021.1.1\bin;E:\IntelijIDEA\IntelliJ IDEA 2020.3.4\bin;E:\IntelijIDEA\IntelliJ IDEA Community Edition 2019.3.4\bin;E:\PyCharm\PyCharm Community Edition 2020.1.1\bin;C:\tools\dart-sdk\bin;C:\Users\aldor\AppData\Roaming\Pub\Cache\bin;E:\Android\flutter\bin;E:\WebStorm\WebStorm 2020.3.3\bin;E:\BrowserStack;C:\Users\aldor\AppData\Roaming\npm
USERNAME=aldor
DISPLAY=:0.0
LC_ALL=en_US.UTF-8
OS=Windows_NT
PROCESSOR_IDENTIFIER=Intel64 Family 6 Model 42 Stepping 7, GenuineIntel



---------------  S Y S T E M  ---------------

OS: Windows 10 , 64 bit Build 19041 (10.0.19041.2251)
OS uptime: 0 days 9:10 hours

CPU:total 8 (initial active 8) (4 cores per cpu, 2 threads per core) family 6 model 42 stepping 7 microcode 0x2f, cmov, cx8, fxsr, mmx, sse, sse2, sse3, ssse3, sse4.1, sse4.2, popcnt, avx, aes, clmul, ht, tsc, tscinvbit

Memory: 4k page, system-wide physical 16348M (2772M free)
TotalPageFile size 19348M (AvailPageFile size 176M)
current process WorkingSet (physical memory assigned to process): 10M, peak: 10M
current process commit charge ("private bytes"): 60M, peak: 316M

vm_info: OpenJDK 64-Bit Server VM (11.0.10+8-b1145.96) for windows-amd64 JRE (11.0.10+8-b1145.96), built on Feb 18 2021 01:38:16 by "" with MS VC++ 14.0 (VS2015)

END.
